\BOOKMARK [0][-]{chapter.1}{Introduction}{}% 1
\BOOKMARK [0][-]{chapter.2}{Context}{}% 2
\BOOKMARK [1][-]{section.2.1}{Problem}{chapter.2}% 3
\BOOKMARK [1][-]{section.2.2}{Database}{chapter.2}% 4
\BOOKMARK [1][-]{section.2.3}{Scoring: Aggregated Jaccard Index}{chapter.2}% 5
\BOOKMARK [0][-]{chapter.3}{Image preprocessing}{}% 6
\BOOKMARK [1][-]{section.3.1}{Trimming}{chapter.3}% 7
\BOOKMARK [1][-]{section.3.2}{Denoising}{chapter.3}% 8
\BOOKMARK [1][-]{section.3.3}{Histogram Manipulation}{chapter.3}% 9
\BOOKMARK [2][-]{subsection.3.3.1}{Histogram Stretching}{section.3.3}% 10
\BOOKMARK [2][-]{subsection.3.3.2}{Histogram Equalization}{section.3.3}% 11
\BOOKMARK [2][-]{subsection.3.3.3}{Adaptative Histogram Equalization}{section.3.3}% 12
\BOOKMARK [1][-]{section.3.4}{Binarization}{chapter.3}% 13
\BOOKMARK [1][-]{section.3.5}{Morphological closing}{chapter.3}% 14
\BOOKMARK [1][-]{section.3.6}{Annotations}{chapter.3}% 15
\BOOKMARK [0][-]{chapter.4}{Classical segmentation methods}{}% 16
\BOOKMARK [1][-]{section.4.1}{Filters}{chapter.4}% 17
\BOOKMARK [1][-]{section.4.2}{Watershed}{chapter.4}% 18
\BOOKMARK [1][-]{section.4.3}{Maximally Stable Extremal Regions}{chapter.4}% 19
\BOOKMARK [0][-]{chapter.5}{Deep learning methods}{}% 20
\BOOKMARK [1][-]{section.5.1}{W-net}{chapter.5}% 21
\BOOKMARK [1][-]{section.5.2}{Sparse autoencoder}{chapter.5}% 22
\BOOKMARK [2][-]{subsection.5.2.1}{architecture}{section.5.2}% 23
\BOOKMARK [2][-]{subsection.5.2.2}{Implementation choices}{section.5.2}% 24
\BOOKMARK [2][-]{subsection.5.2.3}{Hyperparameters'influence}{section.5.2}% 25
\BOOKMARK [0][-]{chapter.6}{Methods tried}{}% 26
\BOOKMARK [1][-]{section.6.1}{Maximally stable Extremal Region}{chapter.6}% 27
\BOOKMARK [1][-]{section.6.2}{Sparse autoencoder}{chapter.6}% 28
\BOOKMARK [0][-]{chapter.7}{Results and discussion}{}% 29
\BOOKMARK [1][-]{section.7.1}{A few methods}{chapter.7}% 30
\BOOKMARK [1][-]{section.7.2}{Methods tried}{chapter.7}% 31
\BOOKMARK [2][-]{subsection.7.2.1}{etc}{section.7.2}% 32
\BOOKMARK [0][-]{chapter.8}{Conclusion}{}% 33
\BOOKMARK [0][-]{chapter.9}{Bibliography}{}% 34
